This is pdfTeX, Version 3.14159265-2.6-1.40.17 (TeX Live 2016) (preloaded format=pdflatex 2016.10.14)  6 FEB 2017 15:47
entering extended mode
 restricted \write18 enabled.
 %&-line parsing enabled.
**template_Report.tex
(./template_Report.tex
LaTeX2e <2016/03/31>
Babel <3.9r> and hyphenation patterns for 83 language(s) loaded.
(/usr/local/texlive/2016/texmf-dist/tex/latex/base/report.cls
Document Class: report 2014/09/29 v1.4h Standard LaTeX document class
(/usr/local/texlive/2016/texmf-dist/tex/latex/base/size12.clo
File: size12.clo 2014/09/29 v1.4h Standard LaTeX file (size option)
)
\c@part=\count79
\c@chapter=\count80
\c@section=\count81
\c@subsection=\count82
\c@subsubsection=\count83
\c@paragraph=\count84
\c@subparagraph=\count85
\c@figure=\count86
\c@table=\count87
\abovecaptionskip=\skip41
\belowcaptionskip=\skip42
\bibindent=\dimen102
)
(/usr/local/texlive/2016/texmf-dist/tex/latex/polski/polski.sty
Package: polski 2008/02/24 v1.3.3 Polish language package

Document language package `polski' v1.3.3 <2008/02/24>
   Switching to Polish text encoding and Polish maths fonts.
(/usr/local/texlive/2016/texmf-dist/tex/latex/base/ot4enc.def
File: ot4enc.def 2005/09/27 v1.99g Standard LaTeX file
)
LaTeX Font Info:    Try loading font information for OT4+cmr on input line 346.


(/usr/local/texlive/2016/texmf-dist/tex/latex/polski/ot4cmr.fd
File: ot4cmr.fd 2008/02/24 v1.2.1 Font defs for fonts PL (MW)
)
LaTeX Font Info:    Overwriting math alphabet `\mathbf' in version `normal'
(Font)                  OT1/cmr/bx/n --> OT4/cmr/bx/n on input line 346.
LaTeX Font Info:    Overwriting math alphabet `\mathsf' in version `normal'
(Font)                  OT1/cmss/m/n --> OT4/cmss/m/n on input line 346.
LaTeX Font Info:    Overwriting math alphabet `\mathit' in version `normal'
(Font)                  OT1/cmr/m/it --> OT4/cmr/m/it on input line 346.
LaTeX Font Info:    Overwriting math alphabet `\mathtt' in version `normal'
(Font)                  OT1/cmtt/m/n --> OT4/cmtt/m/n on input line 346.
LaTeX Font Info:    Overwriting math alphabet `\mathsf' in version `bold'
(Font)                  OT1/cmss/bx/n --> OT4/cmss/bx/n on input line 346.
LaTeX Font Info:    Overwriting math alphabet `\mathit' in version `bold'
(Font)                  OT1/cmr/bx/it --> OT4/cmr/bx/it on input line 346.
LaTeX Font Info:    Encoding `OT1' has changed to `OT4' for symbol font
(Font)              `operators' in the math version `normal' on input line 346.

LaTeX Font Info:    Overwriting symbol font `operators' in version `normal'
(Font)                  OT1/cmr/m/n --> OT4/cmr/m/n on input line 346.
LaTeX Font Info:    Overwriting symbol font `letters' in version `normal'
(Font)                  OML/cmm/m/it --> OML/plm/m/it on input line 346.
LaTeX Font Info:    Overwriting symbol font `symbols' in version `normal'
(Font)                  OMS/cmsy/m/n --> OMS/plsy/m/n on input line 346.
LaTeX Font Info:    Overwriting symbol font `largesymbols' in version `normal'
(Font)                  OMX/cmex/m/n --> OMX/plex/m/n on input line 346.
LaTeX Font Info:    Encoding `OT1' has changed to `OT4' for symbol font
(Font)              `operators' in the math version `bold' on input line 346.
LaTeX Font Info:    Overwriting symbol font `operators' in version `bold'
(Font)                  OT1/cmr/bx/n --> OT4/cmr/bx/n on input line 346.
LaTeX Font Info:    Overwriting symbol font `letters' in version `bold'
(Font)                  OML/cmm/b/it --> OML/plm/b/it on input line 346.
LaTeX Font Info:    Overwriting symbol font `symbols' in version `bold'
(Font)                  OMS/cmsy/b/n --> OMS/plsy/b/n on input line 346.
)
(/usr/local/texlive/2016/texmf-dist/tex/latex/base/inputenc.sty
Package: inputenc 2015/03/17 v1.2c Input encoding file
\inpenc@prehook=\toks14
\inpenc@posthook=\toks15

(/usr/local/texlive/2016/texmf-dist/tex/latex/base/utf8.def
File: utf8.def 2016/02/28 v1.1s UTF-8 support for inputenc
Now handling font encoding OML ...
... no UTF-8 mapping file for font encoding OML
Now handling font encoding T1 ...
... processing UTF-8 mapping file for font encoding T1

(/usr/local/texlive/2016/texmf-dist/tex/latex/base/t1enc.dfu
File: t1enc.dfu 2016/02/28 v1.1s UTF-8 support for inputenc
   defining Unicode char U+00A0 (decimal 160)
   defining Unicode char U+00A1 (decimal 161)
   defining Unicode char U+00A3 (decimal 163)
   defining Unicode char U+00AB (decimal 171)
   defining Unicode char U+00AD (decimal 173)
   defining Unicode char U+00BB (decimal 187)
   defining Unicode char U+00BF (decimal 191)
   defining Unicode char U+00C0 (decimal 192)
   defining Unicode char U+00C1 (decimal 193)
   defining Unicode char U+00C2 (decimal 194)
   defining Unicode char U+00C3 (decimal 195)
   defining Unicode char U+00C4 (decimal 196)
   defining Unicode char U+00C5 (decimal 197)
   defining Unicode char U+00C6 (decimal 198)
   defining Unicode char U+00C7 (decimal 199)
   defining Unicode char U+00C8 (decimal 200)
   defining Unicode char U+00C9 (decimal 201)
   defining Unicode char U+00CA (decimal 202)
   defining Unicode char U+00CB (decimal 203)
   defining Unicode char U+00CC (decimal 204)
   defining Unicode char U+00CD (decimal 205)
   defining Unicode char U+00CE (decimal 206)
   defining Unicode char U+00CF (decimal 207)
   defining Unicode char U+00D0 (decimal 208)
   defining Unicode char U+00D1 (decimal 209)
   defining Unicode char U+00D2 (decimal 210)
   defining Unicode char U+00D3 (decimal 211)
   defining Unicode char U+00D4 (decimal 212)
   defining Unicode char U+00D5 (decimal 213)
   defining Unicode char U+00D6 (decimal 214)
   defining Unicode char U+00D8 (decimal 216)
   defining Unicode char U+00D9 (decimal 217)
   defining Unicode char U+00DA (decimal 218)
   defining Unicode char U+00DB (decimal 219)
   defining Unicode char U+00DC (decimal 220)
   defining Unicode char U+00DD (decimal 221)
   defining Unicode char U+00DE (decimal 222)
   defining Unicode char U+00DF (decimal 223)
   defining Unicode char U+00E0 (decimal 224)
   defining Unicode char U+00E1 (decimal 225)
   defining Unicode char U+00E2 (decimal 226)
   defining Unicode char U+00E3 (decimal 227)
   defining Unicode char U+00E4 (decimal 228)
   defining Unicode char U+00E5 (decimal 229)
   defining Unicode char U+00E6 (decimal 230)
   defining Unicode char U+00E7 (decimal 231)
   defining Unicode char U+00E8 (decimal 232)
   defining Unicode char U+00E9 (decimal 233)
   defining Unicode char U+00EA (decimal 234)
   defining Unicode char U+00EB (decimal 235)
   defining Unicode char U+00EC (decimal 236)
   defining Unicode char U+00ED (decimal 237)
   defining Unicode char U+00EE (decimal 238)
   defining Unicode char U+00EF (decimal 239)
   defining Unicode char U+00F0 (decimal 240)
   defining Unicode char U+00F1 (decimal 241)
   defining Unicode char U+00F2 (decimal 242)
   defining Unicode char U+00F3 (decimal 243)
   defining Unicode char U+00F4 (decimal 244)
   defining Unicode char U+00F5 (decimal 245)
   defining Unicode char U+00F6 (decimal 246)
   defining Unicode char U+00F8 (decimal 248)
   defining Unicode char U+00F9 (decimal 249)
   defining Unicode char U+00FA (decimal 250)
   defining Unicode char U+00FB (decimal 251)
   defining Unicode char U+00FC (decimal 252)
   defining Unicode char U+00FD (decimal 253)
   defining Unicode char U+00FE (decimal 254)
   defining Unicode char U+00FF (decimal 255)
   defining Unicode char U+0100 (decimal 256)
   defining Unicode char U+0101 (decimal 257)
   defining Unicode char U+0102 (decimal 258)
   defining Unicode char U+0103 (decimal 259)
   defining Unicode char U+0104 (decimal 260)
   defining Unicode char U+0105 (decimal 261)
   defining Unicode char U+0106 (decimal 262)
   defining Unicode char U+0107 (decimal 263)
   defining Unicode char U+0108 (decimal 264)
   defining Unicode char U+0109 (decimal 265)
   defining Unicode char U+010A (decimal 266)
   defining Unicode char U+010B (decimal 267)
   defining Unicode char U+010C (decimal 268)
   defining Unicode char U+010D (decimal 269)
   defining Unicode char U+010E (decimal 270)
   defining Unicode char U+010F (decimal 271)
   defining Unicode char U+0110 (decimal 272)
   defining Unicode char U+0111 (decimal 273)
   defining Unicode char U+0112 (decimal 274)
   defining Unicode char U+0113 (decimal 275)
   defining Unicode char U+0114 (decimal 276)
   defining Unicode char U+0115 (decimal 277)
   defining Unicode char U+0116 (decimal 278)
   defining Unicode char U+0117 (decimal 279)
   defining Unicode char U+0118 (decimal 280)
   defining Unicode char U+0119 (decimal 281)
   defining Unicode char U+011A (decimal 282)
   defining Unicode char U+011B (decimal 283)
   defining Unicode char U+011C (decimal 284)
   defining Unicode char U+011D (decimal 285)
   defining Unicode char U+011E (decimal 286)
   defining Unicode char U+011F (decimal 287)
   defining Unicode char U+0120 (decimal 288)
   defining Unicode char U+0121 (decimal 289)
   defining Unicode char U+0122 (decimal 290)
   defining Unicode char U+0123 (decimal 291)
   defining Unicode char U+0124 (decimal 292)
   defining Unicode char U+0125 (decimal 293)
   defining Unicode char U+0128 (decimal 296)
   defining Unicode char U+0129 (decimal 297)
   defining Unicode char U+012A (decimal 298)
   defining Unicode char U+012B (decimal 299)
   defining Unicode char U+012C (decimal 300)
   defining Unicode char U+012D (decimal 301)
   defining Unicode char U+012E (decimal 302)
   defining Unicode char U+012F (decimal 303)
   defining Unicode char U+0130 (decimal 304)
   defining Unicode char U+0131 (decimal 305)
   defining Unicode char U+0132 (decimal 306)
   defining Unicode char U+0133 (decimal 307)
   defining Unicode char U+0134 (decimal 308)
   defining Unicode char U+0135 (decimal 309)
   defining Unicode char U+0136 (decimal 310)
   defining Unicode char U+0137 (decimal 311)
   defining Unicode char U+0139 (decimal 313)
   defining Unicode char U+013A (decimal 314)
   defining Unicode char U+013B (decimal 315)
   defining Unicode char U+013C (decimal 316)
   defining Unicode char U+013D (decimal 317)
   defining Unicode char U+013E (decimal 318)
   defining Unicode char U+0141 (decimal 321)
   defining Unicode char U+0142 (decimal 322)
   defining Unicode char U+0143 (decimal 323)
   defining Unicode char U+0144 (decimal 324)
   defining Unicode char U+0145 (decimal 325)
   defining Unicode char U+0146 (decimal 326)
   defining Unicode char U+0147 (decimal 327)
   defining Unicode char U+0148 (decimal 328)
   defining Unicode char U+014A (decimal 330)
   defining Unicode char U+014B (decimal 331)
   defining Unicode char U+014C (decimal 332)
   defining Unicode char U+014D (decimal 333)
   defining Unicode char U+014E (decimal 334)
   defining Unicode char U+014F (decimal 335)
   defining Unicode char U+0150 (decimal 336)
   defining Unicode char U+0151 (decimal 337)
   defining Unicode char U+0152 (decimal 338)
   defining Unicode char U+0153 (decimal 339)
   defining Unicode char U+0154 (decimal 340)
   defining Unicode char U+0155 (decimal 341)
   defining Unicode char U+0156 (decimal 342)
   defining Unicode char U+0157 (decimal 343)
   defining Unicode char U+0158 (decimal 344)
   defining Unicode char U+0159 (decimal 345)
   defining Unicode char U+015A (decimal 346)
   defining Unicode char U+015B (decimal 347)
   defining Unicode char U+015C (decimal 348)
   defining Unicode char U+015D (decimal 349)
   defining Unicode char U+015E (decimal 350)
   defining Unicode char U+015F (decimal 351)
   defining Unicode char U+0160 (decimal 352)
   defining Unicode char U+0161 (decimal 353)
   defining Unicode char U+0162 (decimal 354)
   defining Unicode char U+0163 (decimal 355)
   defining Unicode char U+0164 (decimal 356)
   defining Unicode char U+0165 (decimal 357)
   defining Unicode char U+0168 (decimal 360)
   defining Unicode char U+0169 (decimal 361)
   defining Unicode char U+016A (decimal 362)
   defining Unicode char U+016B (decimal 363)
   defining Unicode char U+016C (decimal 364)
   defining Unicode char U+016D (decimal 365)
   defining Unicode char U+016E (decimal 366)
   defining Unicode char U+016F (decimal 367)
   defining Unicode char U+0170 (decimal 368)
   defining Unicode char U+0171 (decimal 369)
   defining Unicode char U+0172 (decimal 370)
   defining Unicode char U+0173 (decimal 371)
   defining Unicode char U+0174 (decimal 372)
   defining Unicode char U+0175 (decimal 373)
   defining Unicode char U+0176 (decimal 374)
   defining Unicode char U+0177 (decimal 375)
   defining Unicode char U+0178 (decimal 376)
   defining Unicode char U+0179 (decimal 377)
   defining Unicode char U+017A (decimal 378)
   defining Unicode char U+017B (decimal 379)
   defining Unicode char U+017C (decimal 380)
   defining Unicode char U+017D (decimal 381)
   defining Unicode char U+017E (decimal 382)
   defining Unicode char U+01CD (decimal 461)
   defining Unicode char U+01CE (decimal 462)
   defining Unicode char U+01CF (decimal 463)
   defining Unicode char U+01D0 (decimal 464)
   defining Unicode char U+01D1 (decimal 465)
   defining Unicode char U+01D2 (decimal 466)
   defining Unicode char U+01D3 (decimal 467)
   defining Unicode char U+01D4 (decimal 468)
   defining Unicode char U+01E2 (decimal 482)
   defining Unicode char U+01E3 (decimal 483)
   defining Unicode char U+01E6 (decimal 486)
   defining Unicode char U+01E7 (decimal 487)
   defining Unicode char U+01E8 (decimal 488)
   defining Unicode char U+01E9 (decimal 489)
   defining Unicode char U+01EA (decimal 490)
   defining Unicode char U+01EB (decimal 491)
   defining Unicode char U+01F0 (decimal 496)
   defining Unicode char U+01F4 (decimal 500)
   defining Unicode char U+01F5 (decimal 501)
   defining Unicode char U+0218 (decimal 536)
   defining Unicode char U+0219 (decimal 537)
   defining Unicode char U+021A (decimal 538)
   defining Unicode char U+021B (decimal 539)
   defining Unicode char U+1E02 (decimal 7682)
   defining Unicode char U+1E03 (decimal 7683)
   defining Unicode char U+200C (decimal 8204)
   defining Unicode char U+2010 (decimal 8208)
   defining Unicode char U+2011 (decimal 8209)
   defining Unicode char U+2012 (decimal 8210)
   defining Unicode char U+2013 (decimal 8211)
   defining Unicode char U+2014 (decimal 8212)
   defining Unicode char U+2015 (decimal 8213)
   defining Unicode char U+2018 (decimal 8216)
   defining Unicode char U+2019 (decimal 8217)
   defining Unicode char U+201A (decimal 8218)
   defining Unicode char U+201C (decimal 8220)
   defining Unicode char U+201D (decimal 8221)
   defining Unicode char U+201E (decimal 8222)
   defining Unicode char U+2030 (decimal 8240)
   defining Unicode char U+2031 (decimal 8241)
   defining Unicode char U+2039 (decimal 8249)
   defining Unicode char U+203A (decimal 8250)
   defining Unicode char U+2423 (decimal 9251)
)
Now handling font encoding OT1 ...
... processing UTF-8 mapping file for font encoding OT1

(/usr/local/texlive/2016/texmf-dist/tex/latex/base/ot1enc.dfu
File: ot1enc.dfu 2016/02/28 v1.1s UTF-8 support for inputenc
   defining Unicode char U+00A0 (decimal 160)
   defining Unicode char U+00A1 (decimal 161)
   defining Unicode char U+00A3 (decimal 163)
   defining Unicode char U+00AD (decimal 173)
   defining Unicode char U+00B8 (decimal 184)
   defining Unicode char U+00BF (decimal 191)
   defining Unicode char U+00C5 (decimal 197)
   defining Unicode char U+00C6 (decimal 198)
   defining Unicode char U+00D8 (decimal 216)
   defining Unicode char U+00DF (decimal 223)
   defining Unicode char U+00E6 (decimal 230)
   defining Unicode char U+00EC (decimal 236)
   defining Unicode char U+00ED (decimal 237)
   defining Unicode char U+00EE (decimal 238)
   defining Unicode char U+00EF (decimal 239)
   defining Unicode char U+00F8 (decimal 248)
   defining Unicode char U+0131 (decimal 305)
   defining Unicode char U+0141 (decimal 321)
   defining Unicode char U+0142 (decimal 322)
   defining Unicode char U+0152 (decimal 338)
   defining Unicode char U+0153 (decimal 339)
   defining Unicode char U+0174 (decimal 372)
   defining Unicode char U+0175 (decimal 373)
   defining Unicode char U+0176 (decimal 374)
   defining Unicode char U+0177 (decimal 375)
   defining Unicode char U+0218 (decimal 536)
   defining Unicode char U+0219 (decimal 537)
   defining Unicode char U+021A (decimal 538)
   defining Unicode char U+021B (decimal 539)
   defining Unicode char U+2013 (decimal 8211)
   defining Unicode char U+2014 (decimal 8212)
   defining Unicode char U+2018 (decimal 8216)
   defining Unicode char U+2019 (decimal 8217)
   defining Unicode char U+201C (decimal 8220)
   defining Unicode char U+201D (decimal 8221)
)
Now handling font encoding OMS ...
... processing UTF-8 mapping file for font encoding OMS

(/usr/local/texlive/2016/texmf-dist/tex/latex/base/omsenc.dfu
File: omsenc.dfu 2016/02/28 v1.1s UTF-8 support for inputenc
   defining Unicode char U+00A7 (decimal 167)
   defining Unicode char U+00B6 (decimal 182)
   defining Unicode char U+00B7 (decimal 183)
   defining Unicode char U+2020 (decimal 8224)
   defining Unicode char U+2021 (decimal 8225)
   defining Unicode char U+2022 (decimal 8226)
)
Now handling font encoding OMX ...
... no UTF-8 mapping file for font encoding OMX
Now handling font encoding U ...
... no UTF-8 mapping file for font encoding U
Now handling font encoding OT4 ...
... no UTF-8 mapping file for font encoding OT4
   defining Unicode char U+00A9 (decimal 169)
   defining Unicode char U+00AA (decimal 170)
   defining Unicode char U+00AE (decimal 174)
   defining Unicode char U+00BA (decimal 186)
   defining Unicode char U+02C6 (decimal 710)
   defining Unicode char U+02DC (decimal 732)
   defining Unicode char U+200C (decimal 8204)
   defining Unicode char U+2026 (decimal 8230)
   defining Unicode char U+2122 (decimal 8482)
   defining Unicode char U+2423 (decimal 9251)
))
(/usr/local/texlive/2016/texmf-dist/tex/latex/graphics/graphicx.sty
Package: graphicx 2014/10/28 v1.0g Enhanced LaTeX Graphics (DPC,SPQR)

(/usr/local/texlive/2016/texmf-dist/tex/latex/graphics/keyval.sty
Package: keyval 2014/10/28 v1.15 key=value parser (DPC)
\KV@toks@=\toks16
)
(/usr/local/texlive/2016/texmf-dist/tex/latex/graphics/graphics.sty
Package: graphics 2016/05/09 v1.0r Standard LaTeX Graphics (DPC,SPQR)

(/usr/local/texlive/2016/texmf-dist/tex/latex/graphics/trig.sty
Package: trig 2016/01/03 v1.10 sin cos tan (DPC)
)
(/usr/local/texlive/2016/texmf-dist/tex/latex/graphics-cfg/graphics.cfg
File: graphics.cfg 2016/01/02 v1.10 sample graphics configuration
)
Package graphics Info: Driver file: pdftex.def on input line 96.

(/usr/local/texlive/2016/texmf-dist/tex/latex/pdftex-def/pdftex.def
File: pdftex.def 2011/05/27 v0.06d Graphics/color for pdfTeX

(/usr/local/texlive/2016/texmf-dist/tex/generic/oberdiek/infwarerr.sty
Package: infwarerr 2016/05/16 v1.4 Providing info/warning/error messages (HO)
)
(/usr/local/texlive/2016/texmf-dist/tex/generic/oberdiek/ltxcmds.sty
Package: ltxcmds 2016/05/16 v1.23 LaTeX kernel commands for general use (HO)
)
\Gread@gobject=\count88
))
\Gin@req@height=\dimen103
\Gin@req@width=\dimen104
)
(/usr/local/texlive/2016/texmf-dist/tex/latex/wrapfig/wrapfig.sty
\wrapoverhang=\dimen105
\WF@size=\dimen106
\c@WF@wrappedlines=\count89
\WF@box=\box26
\WF@everypar=\toks17
Package: wrapfig 2003/01/31  v 3.6
)
(./template_Report.aux)
\openout1 = `template_Report.aux'.

LaTeX Font Info:    Checking defaults for OML/cmm/m/it on input line 11.
LaTeX Font Info:    ... okay on input line 11.
LaTeX Font Info:    Checking defaults for T1/cmr/m/n on input line 11.
LaTeX Font Info:    ... okay on input line 11.
LaTeX Font Info:    Checking defaults for OT1/cmr/m/n on input line 11.
LaTeX Font Info:    ... okay on input line 11.
LaTeX Font Info:    Checking defaults for OMS/cmsy/m/n on input line 11.
LaTeX Font Info:    ... okay on input line 11.
LaTeX Font Info:    Checking defaults for OMX/cmex/m/n on input line 11.
LaTeX Font Info:    ... okay on input line 11.
LaTeX Font Info:    Checking defaults for U/cmr/m/n on input line 11.
LaTeX Font Info:    ... okay on input line 11.
LaTeX Font Info:    Checking defaults for OT4/cmr/m/n on input line 11.
LaTeX Font Info:    ... okay on input line 11.

(/usr/local/texlive/2016/texmf-dist/tex/context/base/mkii/supp-pdf.mkii
[Loading MPS to PDF converter (version 2006.09.02).]
\scratchcounter=\count90
\scratchdimen=\dimen107
\scratchbox=\box27
\nofMPsegments=\count91
\nofMParguments=\count92
\everyMPshowfont=\toks18
\MPscratchCnt=\count93
\MPscratchDim=\dimen108
\MPnumerator=\count94
\makeMPintoPDFobject=\count95
\everyMPtoPDFconversion=\toks19
) (/usr/local/texlive/2016/texmf-dist/tex/generic/oberdiek/pdftexcmds.sty
Package: pdftexcmds 2016/05/10 v0.21 Utility functions of pdfTeX for LuaTeX (HO
)

(/usr/local/texlive/2016/texmf-dist/tex/generic/oberdiek/ifluatex.sty
Package: ifluatex 2016/05/16 v1.4 Provides the ifluatex switch (HO)
Package ifluatex Info: LuaTeX not detected.
)
(/usr/local/texlive/2016/texmf-dist/tex/generic/oberdiek/ifpdf.sty
Package: ifpdf 2016/05/14 v3.1 Provides the ifpdf switch
)
Package pdftexcmds Info: LuaTeX not detected.
Package pdftexcmds Info: \pdf@primitive is available.
Package pdftexcmds Info: \pdf@ifprimitive is available.
Package pdftexcmds Info: \pdfdraftmode found.
)
(/usr/local/texlive/2016/texmf-dist/tex/latex/oberdiek/epstopdf-base.sty
Package: epstopdf-base 2016/05/15 v2.6 Base part for package epstopdf

(/usr/local/texlive/2016/texmf-dist/tex/latex/oberdiek/grfext.sty
Package: grfext 2016/05/16 v1.2 Manage graphics extensions (HO)

(/usr/local/texlive/2016/texmf-dist/tex/generic/oberdiek/kvdefinekeys.sty
Package: kvdefinekeys 2016/05/16 v1.4 Define keys (HO)
))
(/usr/local/texlive/2016/texmf-dist/tex/latex/oberdiek/kvoptions.sty
Package: kvoptions 2016/05/16 v3.12 Key value format for package options (HO)

(/usr/local/texlive/2016/texmf-dist/tex/generic/oberdiek/kvsetkeys.sty
Package: kvsetkeys 2016/05/16 v1.17 Key value parser (HO)

(/usr/local/texlive/2016/texmf-dist/tex/generic/oberdiek/etexcmds.sty
Package: etexcmds 2016/05/16 v1.6 Avoid name clashes with e-TeX commands (HO)
Package etexcmds Info: Could not find \expanded.
(etexcmds)             That can mean that you are not using pdfTeX 1.50 or
(etexcmds)             that some package has redefined \expanded.
(etexcmds)             In the latter case, load this package earlier.
)))
Package grfext Info: Graphics extension search list:
(grfext)             [.png,.pdf,.jpg,.mps,.jpeg,.jbig2,.jb2,.PNG,.PDF,.JPG,.JPE
G,.JBIG2,.JB2,.eps]
(grfext)             \AppendGraphicsExtensions on input line 456.

(/usr/local/texlive/2016/texmf-dist/tex/latex/latexconfig/epstopdf-sys.cfg
File: epstopdf-sys.cfg 2010/07/13 v1.3 Configuration of (r)epstopdf for TeX Liv
e
))
LaTeX Font Info:    Try loading font information for OML+plm on input line 12.

(/usr/local/texlive/2016/texmf-dist/tex/latex/polski/omlplm.fd
File: omlplm.fd 2008/02/24 v1.2.1 Font defs for fonts PL (MW)
)
LaTeX Font Info:    Try loading font information for OMS+plsy on input line 12.


(/usr/local/texlive/2016/texmf-dist/tex/latex/polski/omsplsy.fd
File: omsplsy.fd 2008/02/24 v1.2.1 Font defs for fonts PL (MW)
)
LaTeX Font Info:    Try loading font information for OMX+plex on input line 12.


(/usr/local/texlive/2016/texmf-dist/tex/latex/polski/omxplex.fd
File: omxplex.fd 2008/02/24 v1.2.1 Font defs for fonts PL (MW)
)
LaTeX Font Info:    External font `plex10' loaded for size
(Font)              <14.4> on input line 12.
LaTeX Font Info:    External font `plex10' loaded for size
(Font)              <10> on input line 12.
LaTeX Font Info:    External font `plex10' loaded for size
(Font)              <7> on input line 12.
 [1

{/usr/local/texlive/2016/texmf-var/fonts/map/pdftex/updmap/pdftex.map}]
(./template_Report.toc
LaTeX Font Info:    External font `plex10' loaded for size
(Font)              <12> on input line 9.
LaTeX Font Info:    External font `plex10' loaded for size
(Font)              <8> on input line 9.
LaTeX Font Info:    External font `plex10' loaded for size
(Font)              <6> on input line 9.
)
\tf@toc=\write3
\openout3 = `template_Report.toc'.

 [1

]
Rozdzia\PlPrIeC {\l } 1.
[2

] [3]
Rozdzia\PlPrIeC {\l } 2.
LaTeX Font Info:    Try loading font information for OMS+cmr on input line 24.
(/usr/local/texlive/2016/texmf-dist/tex/latex/base/omscmr.fd
File: omscmr.fd 2014/09/29 v2.5h Standard LaTeX font definitions
)
LaTeX Font Info:    Font shape `OMS/cmr/m/n' in size <12> not available
(Font)              Font shape `OMS/cmsy/m/n' tried instead on input line 24.
 [4

] [5]
Rozdzia\PlPrIeC {\l } 3.
LaTeX Font Info:    External font `plex10' loaded for size
(Font)              <5> on input line 41.
[6

] [7] [8] [9]
Overfull \hbox (2.21538pt too wide) in paragraph at lines 72--75
 [] \OT4/cmr/m/n/12 Pro-gra-mo-wa-nie re-ak-tyw-ne funk-cyj-ne ma swo-je po-cz¡
t-ki ju» w ro-ku 1997[[]]
 []

[10]
Overfull \hbox (1.07303pt too wide) in paragraph at lines 76--79
 [] \OT4/cmr/m/n/12 Pod-sta-wo-wym za-ªo-»e-niem po-dej-±cia re-ak-tyw-ne-go je
st pro-gra-mo-wa-nie opar-
 []

[11]
Underfull \hbox (badness 10000) in paragraph at lines 85--86

 []

<sygnalRx.png, id=47, 513.92pt x 261.97874pt>
File: sygnalRx.png Graphic file (type png)
 <use sygnalRx.png>
Package pdftex.def Info: sygnalRx.png used on input line 90.
(pdftex.def)             Requested size: 284.52756pt x 145.04414pt.

Underfull \hbox (badness 10000) in paragraph at lines 95--96

 []

[12 <./sygnalRx.png>] <asyncSubject.png, id=54, 642.4pt x 406.51875pt>
File: asyncSubject.png Graphic file (type png)

<use asyncSubject.png>
Package pdftex.def Info: asyncSubject.png used on input line 101.
(pdftex.def)             Requested size: 284.52756pt x 180.05356pt.
 <asyncSubjectFailed.png, id=55, 642.4pt x 396.48125pt>
File: asyncSubjectFailed.png Graphic file (type png)

<use asyncSubjectFailed.png>
Package pdftex.def Info: asyncSubjectFailed.png used on input line 109.
(pdftex.def)             Requested size: 284.52756pt x 175.60779pt.

<behaviorSubject.png, id=56, 642.4pt x 416.55624pt>
File: behaviorSubject.png Graphic file (type png)
 <use behaviorSubject.png>
Package pdftex.def Info: behaviorSubject.png used on input line 116.
(pdftex.def)             Requested size: 284.52756pt x 184.49933pt.

<behaviorSubjectFailed.png, id=57, 642.4pt x 406.51875pt>
File: behaviorSubjectFailed.png Graphic file (type png)

<use behaviorSubjectFailed.png>
Package pdftex.def Info: behaviorSubjectFailed.png used on input line 126.
(pdftex.def)             Requested size: 284.52756pt x 180.05356pt.

Underfull \hbox (badness 10000) in paragraph at lines 113--130

 []


Underfull \hbox (badness 10000) in paragraph at lines 113--130

 []

[13 <./asyncSubject.png>] <publishSubject.png, id=62, 642.4pt x 406.51875pt>
File: publishSubject.png Graphic file (type png)

<use publishSubject.png>
Package pdftex.def Info: publishSubject.png used on input line 133.
(pdftex.def)             Requested size: 284.52756pt x 180.05356pt.

<publishSubjectFailed.png, id=63, 642.4pt x 396.48125pt>
File: publishSubjectFailed.png Graphic file (type png)

<use publishSubjectFailed.png>
Package pdftex.def Info: publishSubjectFailed.png used on input line 142.
(pdftex.def)             Requested size: 284.52756pt x 175.60779pt.

Underfull \hbox (badness 10000) in paragraph at lines 130--146

 []

[14 <./asyncSubjectFailed.png> <./behaviorSubject.png>]
<replaySubject.png, id=70, 642.4pt x 406.51875pt>
File: replaySubject.png Graphic file (type png)
 <use replaySubject.png>
Package pdftex.def Info: replaySubject.png used on input line 149.
(pdftex.def)             Requested size: 284.52756pt x 180.05356pt.

[15 <./behaviorSubjectFailed.png> <./publishSubject.png>] [16 <./publishSubject
Failed.png> <./replaySubject.png>] <create.png, id=81, 642.4pt x 200.75pt>
File: create.png Graphic file (type png)

<use create.png>
Package pdftex.def Info: create.png used on input line 163.
(pdftex.def)             Requested size: 170.71652pt x 53.34859pt.

Underfull \hbox (badness 10000) in paragraph at lines 160--167

 []

<defer.png, id=82, 642.4pt x 341.275pt>
File: defer.png Graphic file (type png)
 <use defer.png>
Package pdftex.def Info: defer.png used on input line 170.
(pdftex.def)             Requested size: 170.71652pt x 90.6926pt.

Underfull \hbox (badness 10000) in paragraph at lines 167--174

 []


Underfull \hbox (badness 10000) in paragraph at lines 167--174

 []


Underfull \hbox (badness 10000) in paragraph at lines 167--174

 []


Underfull \hbox (badness 10000) in paragraph at lines 167--174

 []


Underfull \hbox (badness 10000) in paragraph at lines 167--174

 []


Underfull \hbox (badness 10000) in paragraph at lines 167--174

 []

[17 <./create.png>] <buffer.png, id=87, 642.4pt x 321.2pt>
File: buffer.png Graphic file (type png)
 <use buffer.png>
Package pdftex.def Info: buffer.png used on input line 178.
(pdftex.def)             Requested size: 170.71652pt x 85.35774pt.

Underfull \hbox (badness 10000) in paragraph at lines 175--182

 []

<flatmap.png, id=88, 642.4pt x 311.1625pt>
File: flatmap.png Graphic file (type png)
 <use flatmap.png>
Package pdftex.def Info: flatmap.png used on input line 185.
(pdftex.def)             Requested size: 170.71652pt x 82.6903pt.

Underfull \hbox (badness 10000) in paragraph at lines 182--189

 []


Underfull \hbox (badness 10000) in paragraph at lines 182--189

 []


Underfull \hbox (badness 10000) in paragraph at lines 182--189

 []


Underfull \hbox (badness 10000) in paragraph at lines 182--189

 []


Underfull \hbox (badness 10000) in paragraph at lines 182--189

 []


Underfull \hbox (badness 10000) in paragraph at lines 182--189

 []


Underfull \hbox (badness 10000) in paragraph at lines 182--189

 []

<map.png, id=89, 584.1825pt x 294.09875pt>
File: map.png Graphic file (type png)
 <use map.png>
Package pdftex.def Info: map.png used on input line 192.
(pdftex.def)             Requested size: 170.71652pt x 85.94612pt.

Underfull \hbox (badness 10000) in paragraph at lines 189--196

 []

[18 <./defer.png> <./buffer.png>] <scan.png, id=96, 584.1825pt x 294.09875pt>
File: scan.png Graphic file (type png)

<use scan.png>
Package pdftex.def Info: scan.png used on input line 199.
(pdftex.def)             Requested size: 170.71652pt x 85.94612pt.

Overfull \hbox (1.34491pt too wide) in paragraph at lines 196--204
 \OT4/cmr/bx/n/12 Scan -[] \OT4/cmr/m/n/12 sto-su-je zde-fi-nio-wa-n¡ funk-cj¦ 
do pierw-sze-go wy-emi-to-wa-ne-go przez
 []

[19 <./flatmap.png> <./map.png> <./scan.png>]
<debounce.png, id=103, 480.79625pt x 293.095pt>
File: debounce.png Graphic file (type png)
 <use debounce.png>
Package pdftex.def Info: debounce.png used on input line 208.
(pdftex.def)             Requested size: 170.71652pt x 104.06956pt.

Underfull \hbox (badness 10000) in paragraph at lines 205--212

 []

<distinct.png, id=104, 481.8pt x 290.08376pt>
File: distinct.png Graphic file (type png)
 <use distinct.png>
Package pdftex.def Info: distinct.png used on input line 215.
(pdftex.def)             Requested size: 170.71652pt x 102.78348pt.

Underfull \hbox (badness 10000) in paragraph at lines 212--219

 []

<filter.png, id=105, 480.79625pt x 290.08376pt>
File: filter.png Graphic file (type png)
 <use filter.png>
Package pdftex.def Info: filter.png used on input line 222.
(pdftex.def)             Requested size: 170.71652pt x 103.00037pt.

Overfull \hbox (1.76372pt too wide) in paragraph at lines 219--227
 \OT4/cmr/bx/n/12 Fil-ter -[] \OT4/cmr/m/n/12 od-fil-tro-wu-je zda-rze-nia emi-
to-wa-ne przez obiekt Ob-se-rva-ble, speª-
 []


Underfull \hbox (badness 10000) in paragraph at lines 219--227

 []


Underfull \hbox (badness 10000) in paragraph at lines 219--227

 []


Underfull \hbox (badness 10000) in paragraph at lines 219--227

 []


Underfull \hbox (badness 10000) in paragraph at lines 219--227

 []


Underfull \hbox (badness 10000) in paragraph at lines 219--227

 []


Underfull \hbox (badness 10000) in paragraph at lines 219--227

 []


Underfull \hbox (badness 10000) in paragraph at lines 219--227

 []


Underfull \hbox (badness 10000) in paragraph at lines 219--227

 []


Underfull \hbox (badness 10000) in paragraph at lines 219--227

 []

<skip.png, id=106, 482.80376pt x 292.09125pt>
File: skip.png Graphic file (type png)
 <use skip.png>
Package pdftex.def Info: skip.png used on input line 230.
(pdftex.def)             Requested size: 170.71652pt x 103.28084pt.
 [20 <./debounce.png> <./distinct.png>] <take.png, id=112, 484.81125pt x 293.09
5pt>
File: take.png Graphic file (type png)

<use take.png>
Package pdftex.def Info: take.png used on input line 237.
(pdftex.def)             Requested size: 170.71652pt x 103.20642pt.
 [21 <./filter.png> <./skip.png> <./take.png>]
<combinelatest.png, id=119, 659.46375pt x 378.41376pt>
File: combinelatest.png Graphic file (type png)
 <use combinelatest.png>
Package pdftex.def Info: combinelatest.png used on input line 246.
(pdftex.def)             Requested size: 227.62204pt x 130.61063pt.

Underfull \hbox (badness 10000) in paragraph at lines 243--250

 []

<merge.png, id=120, 657.45625pt x 392.46625pt>
File: merge.png Graphic file (type png)
 <use merge.png>
Package pdftex.def Info: merge.png used on input line 253.
(pdftex.def)             Requested size: 227.62204pt x 135.87408pt.

Underfull \hbox (badness 10000) in paragraph at lines 250--257

 []

<zip.png, id=121, 659.46375pt x 390.45876pt>
File: zip.png Graphic file (type png)
 <use zip.png>
Package pdftex.def Info: zip.png used on input line 260.
(pdftex.def)             Requested size: 227.62204pt x 134.76799pt.

Underfull \hbox (badness 10000) in paragraph at lines 257--264

 []

[22 <./combinelatest.png> <./merge.png>]
<catch.png, id=127, 642.4pt x 311.1625pt>
File: catch.png Graphic file (type png)
 <use catch.png>
Package pdftex.def Info: catch.png used on input line 269.
(pdftex.def)             Requested size: 227.62204pt x 110.25217pt.

Underfull \hbox (badness 10000) in paragraph at lines 266--273

 []

<retry.png, id=128, 642.4pt x 316.18124pt>
File: retry.png Graphic file (type png)
 <use retry.png>
Package pdftex.def Info: retry.png used on input line 276.
(pdftex.def)             Requested size: 227.62204pt x 112.03043pt.

Underfull \hbox (badness 10000) in paragraph at lines 273--280

 []

[23 <./zip.png> <./catch.png>]
<materialize.png, id=134, 642.4pt x 316.18124pt>
File: materialize.png Graphic file (type png)
 <use materialize.png>
Package pdftex.def Info: materialize.png used on input line 284.
(pdftex.def)             Requested size: 227.62204pt x 112.03043pt.

Underfull \hbox (badness 10000) in paragraph at lines 281--288

 []

<observeOn.png, id=135, 642.4pt x 309.155pt>
File: observeOn.png Graphic file (type png)
 <use observeOn.png>
Package pdftex.def Info: observeOn.png used on input line 291.
(pdftex.def)             Requested size: 227.62204pt x 109.54086pt.

<observeOnError.png, id=136, 642.4pt x 309.155pt>
File: observeOnError.png Graphic file (type png)
 <use observeOnError.png>
Package pdftex.def Info: observeOnError.png used on input line 298.
(pdftex.def)             Requested size: 227.62204pt x 109.54086pt.

Overfull \hbox (1.65636pt too wide) in paragraph at lines 288--302
\OT4/cmr/m/n/12 Nale»y po-nad-to za-uwa-»y¢, »e Ob-se-rve-On prze-±le zda-rze-n
ie onEr-ror nie-zwªocz-
 []


Underfull \hbox (badness 10000) in paragraph at lines 288--302

 []

<subscribeOn.png, id=137, 642.4pt x 306.14375pt>
File: subscribeOn.png Graphic file (type png)
 <use subscribeOn.png>
Package pdftex.def Info: subscribeOn.png used on input line 305.
(pdftex.def)             Requested size: 227.62204pt x 108.4739pt.

Underfull \hbox (badness 10000) in paragraph at lines 302--309

 []

[24 <./retry.png> <./materialize.png>]
<serialize.png, id=144, 642.4pt x 401.5pt>
File: serialize.png Graphic file (type png)
 <use serialize.png>
Package pdftex.def Info: serialize.png used on input line 312.
(pdftex.def)             Requested size: 227.62204pt x 142.26086pt.

Underfull \hbox (badness 10000) in paragraph at lines 309--316

 []

[25 <./observeOn.png> <./observeOnError.png> <./subscribeOn.png>]
<schedulers.png, id=151, 642.4pt x 803.0pt>
File: schedulers.png Graphic file (type png)
 <use schedulers.png>
Package pdftex.def Info: schedulers.png used on input line 326.
(pdftex.def)             Requested size: 284.52756pt x 355.66138pt.

Overfull \hbox (1.72371pt too wide) in paragraph at lines 319--331
\OT4/cmr/m/n/12 Niektóre ope-ra-to-ry re-ak-tyw-ne, ja-ko pa-ra-metr przyj-mu-j
¡ pla-ni-st¦, obiekt Sche-
 []

[26 <./serialize.png>] [27 <./schedulers.png>]
Overfull \hbox (4.27214pt too wide) in paragraph at lines 333--335
 \OT4/cmr/bx/n/12 Cur-rent-Th-re-ad-Sche-du-ler (Se-rial sche-du-ler)[] \OT4/cm
r/m/n/12 Jed-nost-ka za-da-nia, za-
 []


Overfull \hbox (11.14256pt too wide) in paragraph at lines 343--345
 \OT4/cmr/bx/n/12 Con-cur-rent-Di-spat-chQu-eu-eSche-du-ler (Con-cur-rent sche-
du-ler)[] \OT4/cmr/m/n/12 Od-
 []

[28] [29] [30] <transientState.png, id=170, 517.935pt x 262.9825pt>
File: transientState.png Graphic file (type png)

<use transientState.png>
Package pdftex.def Info: transientState.png used on input line 375.
(pdftex.def)             Requested size: 426.79134pt x 216.71443pt.

Overfull \hbox (36.79134pt too wide) in paragraph at lines 375--377
 [][] 
 []


Overfull \hbox (29.67609pt too wide) in paragraph at lines 377--377
\OT4/cmr/m/it/12 dªo: https://github.com/ReactiveX/RxSwift/blob/master/Document
ation/Why.md 
 []


Underfull \hbox (badness 10000) in paragraph at lines 366--382

 []


Underfull \hbox (badness 10000) in paragraph at lines 366--382

 []


Underfull \hbox (badness 10000) in paragraph at lines 366--382

 []


Underfull \hbox (badness 10000) in paragraph at lines 366--382

 []


Underfull \hbox (badness 10000) in paragraph at lines 366--382

 []


Underfull \hbox (badness 10000) in paragraph at lines 366--382

 []

[31] <compositionalDisposal.png, id=174, 413.545pt x 269.005pt>
File: compositionalDisposal.png Graphic file (type png)

<use compositionalDisposal.png>
Package pdftex.def Info: compositionalDisposal.png used on input line 393.
(pdftex.def)             Requested size: 341.43306pt x 222.10014pt.

Underfull \hbox (badness 2799) in paragraph at lines 395--395
[]\OT4/cmr/m/n/12 Rysunek 3.32: Przy-kªa-do-wy pro-gram re-ali-zu-j¡-cy przy-kª
ad 2. \OT4/cmr/m/it/12 ¹ró-dªo:
 []


Overfull \hbox (7.3259pt too wide) in paragraph at lines 395--395
\OT4/cmr/m/it/12 https://github.com/ReactiveX/RxSwift/blob/master/Documentation
/Why.md 
 []

[32 <./transientState.png>] [33 <./compositionalDisposal.png>]
<aggregatingNetworkRequests.png, id=183, 488.82625pt x 212.795pt>
File: aggregatingNetworkRequests.png Graphic file (type png)

<use aggregatingNetworkRequests.png>
Package pdftex.def Info: aggregatingNetworkRequests.png used on input line 405.

(pdftex.def)             Requested size: 398.33858pt x 173.40527pt.

Overfull \hbox (8.33858pt too wide) in paragraph at lines 405--407
 [][] 
 []


Underfull \hbox (badness 2799) in paragraph at lines 407--407
[]\OT4/cmr/m/n/12 Rysunek 3.33: Przy-kªa-do-wy pro-gram re-ali-zu-j¡-cy przy-kª
ad 3. \OT4/cmr/m/it/12 ¹ró-dªo:
 []


Overfull \hbox (7.3259pt too wide) in paragraph at lines 407--407
\OT4/cmr/m/it/12 https://github.com/ReactiveX/RxSwift/blob/master/Documentation
/Why.md 
 []

[34 <./aggregatingNetworkRequests.png>]
Rozdzia\PlPrIeC {\l } 4.
[35

] [36]
Overfull \hbox (39.09485pt too wide) in paragraph at lines 423--424
 [] \OT4/cmr/m/n/12 Ni-nej-szy pro-jekt po-wsta-waª w opar-ciu o nie-któ-re ele
-men-ty mo-de-lu kaskadowego[[]]
 []

[37] <useCase'y.png, id=198, 2276.505pt x 1041.8925pt>
File: useCase'y.png Graphic file (type png)
 <use useCase'y.png>
Package pdftex.def Info: useCase'y.png used on input line 453.
(pdftex.def)             Requested size: 483.69684pt x 221.36345pt.

Overfull \hbox (93.69684pt too wide) in paragraph at lines 453--455
 [][] 
 []

[38 <./useCase'y.png>] <watchableEntity.png, id=203, 168.63pt x 158.5925pt>
File: watchableEntity.png Graphic file (type png)

<use watchableEntity.png>
Package pdftex.def Info: watchableEntity.png used on input line 474.
(pdftex.def)             Requested size: 199.16928pt x 187.31898pt.
 [39 <./watchableEntity.png>] [40]
Overfull \hbox (1.0911pt too wide) in paragraph at lines 508--509
[]\OT4/cmr/bx/n/12 RxOptional \OT4/cmr/m/n/12 - roz-sze-rze-nie RxSwift dla obi
ek-tów opcjo-nal-nych w Swift,
 []

<moyaDiagram.png, id=211, 1210.5225pt x 877.2775pt>
File: moyaDiagram.png Graphic file (type png)
 <use moyaDiagram.png>
Package pdftex.def Info: moyaDiagram.png used on input line 512.
(pdftex.def)             Requested size: 369.88582pt x 268.05785pt.

Overfull \hbox (36.20773pt too wide) in paragraph at lines 509--517
[]\OT4/cmr/bx/n/12 Moya \OT4/cmr/m/n/12 - bi-blio-te-ka sta-no-wi¡-ca na-kªad-k
¦ re-ak-tyw-n¡ na fra-me-work Alamofire[[]]
 []

[41] <MVC.jpg, id=215, 1027.84pt x 770.88pt>
File: MVC.jpg Graphic file (type jpg)
 <use MVC.jpg>
Package pdftex.def Info: MVC.jpg used on input line 526.
(pdftex.def)             Requested size: 369.88582pt x 277.41072pt.

Underfull \hbox (badness 3815) in paragraph at lines 528--528
[]\OT4/cmr/m/n/12 Rysunek 4.4: ar-chi-tek-tu-ra MVC \OT4/cmr/m/it/12 ¹ródªo:htt
ps://cocoacasts.com/what-is-
 []

[42 <./moyaDiagram.png>] <rxMVVM.png, id=221, 634.37pt x 118.4425pt>
File: rxMVVM.png Graphic file (type png)

<use rxMVVM.png>
Package pdftex.def Info: rxMVVM.png used on input line 535.
(pdftex.def)             Requested size: 369.88582pt x 69.06357pt.

Overfull \hbox (58.55086pt too wide) in paragraph at lines 537--537
[]\OT4/cmr/m/n/12 Rysunek 4.5: ar-chi-tek-tu-ra MVVM \OT4/cmr/m/it/12 ¹ródªo:ht
tps://medium.cobeisfresh.com/implementing-
 []

[43 <./MVC.jpg> <./rxMVVM.png (PNG copy)>] [44]
Underfull \hbox (badness 1221) in paragraph at lines 545--547
[]\OT4/cmr/m/n/12 https://msdn.microsoft.com/en-us/library/hh242985(v=vs.103).a
spx \OT4/cmr/m/it/12 -
 []


Underfull \hbox (badness 10000) in paragraph at lines 554--556
[]\OT4/cmr/m/n/12 https://redwerk.com/blog/10-differences-objective-c-swift \OT
4/cmr/m/it/12 - Ró»-ni-ce
 []


Overfull \hbox (619.16284pt too wide) in paragraph at lines 562--564
[]\OT4/cmr/m/n/12 https://developer.apple.com/library/content/documentation/Mac
OSX/Conceptual/OSX[]Technology[]Overview/SystemTechnology/SystemTechnology.html
#//apple[]ref/doc/uid/TP40001067-
 []


Overfull \hbox (185.61346pt too wide) in paragraph at lines 565--567
[]\OT4/cmr/m/n/12 https://web.archive.org/web/20071006005308/http://www.apple.c
om/iphone/features/index.html#macosx
 []


Overfull \hbox (39.32748pt too wide) in paragraph at lines 568--570
[]\OT4/cmr/m/n/12 https://web.archive.org/web/20071020040652/http://www.apple.c
om/hotnews
 []


Underfull \hbox (badness 10000) in paragraph at lines 571--573
[]\OT4/cmr/m/n/12 http://www.apple.com/pr/library/2008/07/10iPhone-3G-on-Sale-
 []


Underfull \hbox (badness 10000) in paragraph at lines 574--576
[]\OT4/cmr/m/n/12 http://www.apple.com/pr/library/2009/06/08Apple-Announces-the
-
 []


Underfull \hbox (badness 10000) in paragraph at lines 577--579
[]\OT4/cmr/m/n/12 http://www.apple.com/pr/library/2010/04/08Apple-Previews-iPho
ne-
 []


Underfull \hbox (badness 10000) in paragraph at lines 580--582
[]\OT4/cmr/m/n/12 http://www.apple.com/pr/library/2011/10/04Apple-Launches-iPho
ne-
 []


Underfull \hbox (badness 10000) in paragraph at lines 583--585
[]\OT4/cmr/m/n/12 http://www.apple.com/pr/library/2012/06/11Apple-Previews-iOS-

 []


Underfull \hbox (badness 10000) in paragraph at lines 583--585
\OT4/cmr/m/n/12 6-With-All-New-Maps-Siri-Features-Facebook-Integration-Shared-
 []

[45

]
Underfull \hbox (badness 10000) in paragraph at lines 586--588
[]\OT4/cmr/m/n/12 http://www.apple.com/pr/library/2013/06/10Apple-Unveils-iOS-
 []


Underfull \hbox (badness 10000) in paragraph at lines 589--591
[]\OT4/cmr/m/n/12 http://www.apple.com/pr/library/2014/06/02Apple-Releases-iOS-
8-
 []


Underfull \hbox (badness 10000) in paragraph at lines 592--594
[]\OT4/cmr/m/n/12 http://www.apple.com/pr/library/2015/06/08Apple-Previews-iOS-

 []


Overfull \hbox (3.29453pt too wide) in paragraph at lines 595--597
[]\OT4/cmr/m/n/12 https://github.com/apple/swift-evolution/blob/master/proposal
s/0005-
 []


Underfull \hbox (badness 10000) in paragraph at lines 598--600
[]\OT4/cmr/m/n/12 http://www.apple.com/pr/library/2016/06/13Apple-Previews-iOS-

 []


Underfull \hbox (badness 10000) in paragraph at lines 604--606
[]\OT4/cmr/m/n/12 http://www.introtorx.com/content/v1.0.10621.0/00foreword.html
  \OT4/cmr/m/it/12 -
 []


Overfull \hbox (40.78166pt too wide) in paragraph at lines 610--612
[]\OT4/cmr/m/n/12 https://github.com/ReactiveX/RxSwift/blob/master/Documentatio
n/Why.md
 []


Overfull \hbox (4.13007pt too wide) in paragraph at lines 613--615
[]\OT4/cmr/m/n/12 http://zasoby.open.agh.edu.pl/[]10sdczerner/page/model[]kaska
dowy.html
 []


Overfull \hbox (113.75452pt too wide) in paragraph at lines 622--624
[]\OT4/cmr/m/n/12 https://developer.apple.com/library/content/documentation/Gen
eral/Conceptual/DevPedia-
 []

[46] [47]
Rozdzia\PlPrIeC {\l } 5.
[48

] (./template_Report.aux) ) 
Here is how much of TeX's memory you used:
 2393 strings out of 493014
 32979 string characters out of 6133350
 90672 words of memory out of 5000000
 5852 multiletter control sequences out of 15000+600000
 16531 words of font info for 46 fonts, out of 8000000 for 9000
 1141 hyphenation exceptions out of 8191
 37i,8n,24p,1028b,297s stack positions out of 5000i,500n,10000p,200000b,80000s
{/usr/local/texlive/2016/texmf-dist/fonts/enc/dvips/
pl/plit.enc}{/usr/local/texlive/2016/texmf-dist/fonts/enc/dvips/pl/plrm.enc}</u
sr/local/texlive/2016/texmf-dist/fonts/type1/public/amsfonts/cm/cmsy10.pfb></us
r/local/texlive/2016/texmf-dist/fonts/type1/public/pl/plbx12.pfb></usr/local/te
xlive/2016/texmf-dist/fonts/type1/public/pl/plr10.pfb></usr/local/texlive/2016/
texmf-dist/fonts/type1/public/pl/plr12.pfb></usr/local/texlive/2016/texmf-dist/
fonts/type1/public/pl/plr17.pfb></usr/local/texlive/2016/texmf-dist/fonts/type1
/public/pl/plr7.pfb></usr/local/texlive/2016/texmf-dist/fonts/type1/public/pl/p
lr8.pfb></usr/local/texlive/2016/texmf-dist/fonts/type1/public/pl/plti12.pfb>
Output written on template_Report.pdf (49 pages, 3610575 bytes).
PDF statistics:
 273 PDF objects out of 1000 (max. 8388607)
 138 compressed objects within 2 object streams
 0 named destinations out of 1000 (max. 500000)
 191 words of extra memory for PDF output out of 10000 (max. 10000000)

